#
# There is insufficient memory for the Java Runtime Environment to continue.
# Native memory allocation (malloc) failed to allocate 272336 bytes. Error detail: Chunk::new
# Possible reasons:
#   The system is out of physical RAM or swap space
#   This process is running with CompressedOops enabled, and the Java Heap may be blocking the growth of the native heap
# Possible solutions:
#   Reduce memory load on the system
#   Increase physical memory or swap space
#   Check if swap backing store is full
#   Decrease Java heap size (-Xmx/-Xms)
#   Decrease number of Java threads
#   Decrease Java thread stack sizes (-Xss)
#   Set larger code cache with -XX:ReservedCodeCacheSize=
#   JVM is running with Unscaled Compressed Oops mode in which the Java heap is
#     placed in the first 4GB address space. The Java Heap base address is the
#     maximum limit for the native heap growth. Please use -XX:HeapBaseMinAddress
#     to set the Java Heap base and to place the Java Heap above 4GB virtual address.
# This output file may be truncated or incomplete.
#
#  Out of Memory Error (arena.cpp:168), pid=26304, tid=6132
#
# JRE version: OpenJDK Runtime Environment Temurin-21.0.9+10 (21.0.9+10) (build 21.0.9+10-LTS)
# Java VM: OpenJDK 64-Bit Server VM Temurin-21.0.9+10 (21.0.9+10-LTS, mixed mode, sharing, tiered, compressed oops, compressed class ptrs, parallel gc, windows-amd64)
# No core dump will be written. Minidumps are not enabled by default on client versions of Windows
#

---------------  S U M M A R Y ------------

Command Line: --add-modules=ALL-SYSTEM --add-opens=java.base/java.util=ALL-UNNAMED --add-opens=java.base/java.lang=ALL-UNNAMED --add-opens=java.base/sun.nio.fs=ALL-UNNAMED -Declipse.application=org.eclipse.jdt.ls.core.id1 -Dosgi.bundles.defaultStartLevel=4 -Declipse.product=org.eclipse.jdt.ls.core.product -Djava.import.generatesMetadataFilesAtProjectRoot=false -DDetectVMInstallationsJob.disabled=true -Dfile.encoding=utf8 -XX:+UseParallelGC -XX:GCTimeRatio=4 -XX:AdaptiveSizePolicyWeight=90 -Dsun.zip.disableMemoryMapping=true -Xmx2G -Xms100m -Xlog:disable -javaagent:c:\Users\MoaidHashem\.vscode\extensions\redhat.java-1.49.0-win32-x64\lombok\lombok-1.18.39-4050.jar -XX:+HeapDumpOnOutOfMemoryError -XX:HeapDumpPath=c:\Users\MoaidHashem\AppData\Roaming\Code\User\workspaceStorage\6b078c4e9672d21ec4c1dd8f04e5ecec\redhat.java -Daether.dependencyCollector.impl=bf c:\Users\MoaidHashem\.vscode\extensions\redhat.java-1.49.0-win32-x64\server\plugins\org.eclipse.equinox.launcher_1.7.100.v20251111-0406.jar -configuration c:\Users\MoaidHashem\AppData\Roaming\Code\User\globalStorage\redhat.java\1.49.0\config_win -data c:\Users\MoaidHashem\AppData\Roaming\Code\User\workspaceStorage\6b078c4e9672d21ec4c1dd8f04e5ecec\redhat.java\jdt_ws --pipe=\\.\pipe\lsp-e8dd397a4136d9a666cc391c89447c3f-sock

Host: AMD Ryzen 7 4700U with Radeon Graphics         , 8 cores, 15G,  Windows 11 , 64 bit Build 26100 (10.0.26100.7019)
Time: Fri Nov 21 16:10:35 2025 Egypt Standard Time elapsed time: 2.266068 seconds (0d 0h 0m 2s)

---------------  T H R E A D  ---------------

Current thread (0x000001edf45e3eb0):  JavaThread "C2 CompilerThread1" daemon [_thread_in_native, id=6132, stack(0x000000837bd00000,0x000000837be00000) (1024K)]


Current CompileTask:
C2:2266 1376   !   4       lombok.patcher.ScriptManager$OurClassFileTransformer::transform (473 bytes)

Stack: [0x000000837bd00000,0x000000837be00000]
Native frames: (J=compiled Java code, j=interpreted, Vv=VM code, C=native code)
V  [jvm.dll+0x6d6e29]
V  [jvm.dll+0x8b4b76]
V  [jvm.dll+0x8b712e]
V  [jvm.dll+0x8b7813]
V  [jvm.dll+0x283d86]
V  [jvm.dll+0xc66ed]
V  [jvm.dll+0xc6c31]
V  [jvm.dll+0x2facee]
V  [jvm.dll+0x5fde44]
V  [jvm.dll+0x255557]
V  [jvm.dll+0x24dc5f]
V  [jvm.dll+0x24b482]
V  [jvm.dll+0x1cb13e]
V  [jvm.dll+0x25b29d]
V  [jvm.dll+0x25982a]
V  [jvm.dll+0x3f7ea6]
V  [jvm.dll+0x85e9ad]
V  [jvm.dll+0x6d565d]
C  [ucrtbase.dll+0x37b0]
C  [KERNEL32.DLL+0x2e8d7]
C  [ntdll.dll+0x8c53c]


---------------  P R O C E S S  ---------------

Threads class SMR info:
_java_thread_list=0x000001edf45b7a40, length=12, elements={
0x000001ed96b5ec60, 0x000001ed96c1bbc0, 0x000001ed96c1d4d0, 0x000001ed96ad3fa0,
0x000001ed96ad49f0, 0x000001ed96ad7450, 0x000001ed96ad9eb0, 0x000001ed96adace0,
0x000001ed96ae4e40, 0x000001edf41d86d0, 0x000001edf4356980, 0x000001edf45e3eb0
}

Java Threads: ( => current thread )
  0x000001ed96b5ec60 JavaThread "main"                              [_thread_in_native, id=1324, stack(0x000000837af00000,0x000000837b000000) (1024K)]
  0x000001ed96c1bbc0 JavaThread "Reference Handler"          daemon [_thread_blocked, id=9508, stack(0x000000837b300000,0x000000837b400000) (1024K)]
  0x000001ed96c1d4d0 JavaThread "Finalizer"                  daemon [_thread_blocked, id=18400, stack(0x000000837b400000,0x000000837b500000) (1024K)]
  0x000001ed96ad3fa0 JavaThread "Signal Dispatcher"          daemon [_thread_blocked, id=2336, stack(0x000000837b500000,0x000000837b600000) (1024K)]
  0x000001ed96ad49f0 JavaThread "Attach Listener"            daemon [_thread_blocked, id=23192, stack(0x000000837b600000,0x000000837b700000) (1024K)]
  0x000001ed96ad7450 JavaThread "Service Thread"             daemon [_thread_blocked, id=1172, stack(0x000000837b700000,0x000000837b800000) (1024K)]
  0x000001ed96ad9eb0 JavaThread "Monitor Deflation Thread"   daemon [_thread_blocked, id=18012, stack(0x000000837b800000,0x000000837b900000) (1024K)]
  0x000001ed96adace0 JavaThread "C2 CompilerThread0"         daemon [_thread_in_native, id=12904, stack(0x000000837b900000,0x000000837ba00000) (1024K)]
  0x000001ed96ae4e40 JavaThread "C1 CompilerThread0"         daemon [_thread_blocked, id=18024, stack(0x000000837ba00000,0x000000837bb00000) (1024K)]
  0x000001edf41d86d0 JavaThread "Common-Cleaner"             daemon [_thread_blocked, id=23820, stack(0x000000837bb00000,0x000000837bc00000) (1024K)]
  0x000001edf4356980 JavaThread "Notification Thread"        daemon [_thread_blocked, id=18816, stack(0x000000837bc00000,0x000000837bd00000) (1024K)]
=>0x000001edf45e3eb0 JavaThread "C2 CompilerThread1"         daemon [_thread_in_native, id=6132, stack(0x000000837bd00000,0x000000837be00000) (1024K)]
Total: 12

Other Threads:
  0x000001ed96ad1d50 VMThread "VM Thread"                           [id=19352, stack(0x000000837b200000,0x000000837b300000) (1024K)]
  0x000001ed969eca00 WatcherThread "VM Periodic Task Thread"        [id=1400, stack(0x000000837b100000,0x000000837b200000) (1024K)]
  0x000001ed96b7e270 WorkerThread "GC Thread#0"                     [id=25480, stack(0x000000837b000000,0x000000837b100000) (1024K)]
  0x000001edf46ae550 WorkerThread "GC Thread#1"                     [id=27148, stack(0x000000837be00000,0x000000837bf00000) (1024K)]
  0x000001edf48fa120 WorkerThread "GC Thread#2"                     [id=11376, stack(0x000000837bf00000,0x000000837c000000) (1024K)]
  0x000001edf48fa4c0 WorkerThread "GC Thread#3"                     [id=16048, stack(0x000000837c000000,0x000000837c100000) (1024K)]
  0x000001edf45c1a30 WorkerThread "GC Thread#4"                     [id=13172, stack(0x000000837c100000,0x000000837c200000) (1024K)]
  0x000001edf45c1dd0 WorkerThread "GC Thread#5"                     [id=5636, stack(0x000000837c200000,0x000000837c300000) (1024K)]
  0x000001edf45c2170 WorkerThread "GC Thread#6"                     [id=3620, stack(0x000000837c300000,0x000000837c400000) (1024K)]
Total: 9

Threads with active compile tasks:
C2 CompilerThread0  2291 1371       4       jdk.internal.jimage.ImageLocation::verify (218 bytes)
C1 CompilerThread0  2291 1396       3       java.lang.String::getBytes (25 bytes)
C2 CompilerThread1  2291 1376   !   4       lombok.patcher.ScriptManager$OurClassFileTransformer::transform (473 bytes)
Total: 3

VM state: not at safepoint (normal execution)

VM Mutex/Monitor currently owned by a thread: None

OutOfMemory and StackOverflow Exception counts:
OutOfMemoryError java_heap_errors=1
LinkageErrors=20

Heap address: 0x0000000080000000, size: 2048 MB, Compressed Oops mode: 32-bit

CDS archive(s) mapped at: [0x000001edae000000-0x000001edaeba0000-0x000001edaeba0000), size 12189696, SharedBaseAddress: 0x000001edae000000, ArchiveRelocationMode: 1.
Compressed class space mapped at: 0x000001edaf000000-0x000001edef000000, reserved size: 1073741824
Narrow klass base: 0x000001edae000000, Narrow klass shift: 0, Narrow klass range: 0x100000000

GC Precious Log:
 CardTable entry size: 512
 CPUs: 8 total, 8 available
 Memory: 15742M
 Large Page Support: Disabled
 NUMA Support: Disabled
 Compressed Oops: Enabled (32-bit)
 Alignments: Space 512K, Generation 512K, Heap 2M
 Heap Min Capacity: 100M
 Heap Initial Capacity: 100M
 Heap Max Capacity: 2G
 Pre-touch: Disabled
 Parallel Workers: 8

Heap:
 PSYoungGen      total 29696K, used 15612K [0x00000000d5580000, 0x00000000d7680000, 0x0000000100000000)
  eden space 25600K, 48% used [0x00000000d5580000,0x00000000d61852e8,0x00000000d6e80000)
  from space 4096K, 80% used [0x00000000d6e80000,0x00000000d71b9e98,0x00000000d7280000)
  to   space 4096K, 0% used [0x00000000d7280000,0x00000000d7280000,0x00000000d7680000)
 ParOldGen       total 68608K, used 8K [0x0000000080000000, 0x0000000084300000, 0x00000000d5580000)
  object space 68608K, 0% used [0x0000000080000000,0x0000000080002000,0x0000000084300000)
 Metaspace       used 6612K, committed 6912K, reserved 1114112K
  class space    used 681K, committed 832K, reserved 1048576K

Card table byte_map: [0x000001ed96500000,0x000001ed96910000] _byte_map_base: 0x000001ed96100000

Marking Bits: (ParMarkBitMap*) 0x00007ffb2df92460
 Begin Bits: [0x000001eda9010000, 0x000001edab010000)
 End Bits:   [0x000001edab010000, 0x000001edad010000)

Polling page: 0x000001ed94af0000

Metaspace:

Usage:
  Non-class:      5.79 MB used.
      Class:    681.73 KB used.
       Both:      6.46 MB used.

Virtual space:
  Non-class space:       64.00 MB reserved,       5.94 MB (  9%) committed,  1 nodes.
      Class space:        1.00 GB reserved,     832.00 KB ( <1%) committed,  1 nodes.
             Both:        1.06 GB reserved,       6.75 MB ( <1%) committed. 

Chunk freelists:
   Non-Class:  9.72 MB
       Class:  15.05 MB
        Both:  24.77 MB

MaxMetaspaceSize: unlimited
CompressedClassSpaceSize: 1.00 GB
Initial GC threshold: 21.00 MB
Current GC threshold: 21.00 MB
CDS: on
 - commit_granule_bytes: 65536.
 - commit_granule_words: 8192.
 - virtual_space_node_default_size: 8388608.
 - enlarge_chunks_in_place: 1.
 - use_allocation_guard: 0.


Internal statistics:

num_allocs_failed_limit: 0.
num_arena_births: 198.
num_arena_deaths: 0.
num_vsnodes_births: 2.
num_vsnodes_deaths: 0.
num_space_committed: 108.
num_space_uncommitted: 0.
num_chunks_returned_to_freelist: 0.
num_chunks_taken_from_freelist: 333.
num_chunk_merges: 0.
num_chunk_splits: 216.
num_chunks_enlarged: 140.
num_inconsistent_stats: 0.

CodeHeap 'non-profiled nmethods': size=120000Kb used=557Kb max_used=557Kb free=119442Kb
 bounds [0x000001eda1830000, 0x000001eda1aa0000, 0x000001eda8d60000]
CodeHeap 'profiled nmethods': size=120000Kb used=2336Kb max_used=2336Kb free=117663Kb
 bounds [0x000001ed99d60000, 0x000001ed99fd0000, 0x000001eda1290000]
CodeHeap 'non-nmethods': size=5760Kb used=1209Kb max_used=1224Kb free=4550Kb
 bounds [0x000001eda1290000, 0x000001eda1500000, 0x000001eda1830000]
CodeCache: size=245760Kb, used=4102Kb, max_used=4117Kb, free=241655Kb
 total_blobs=1866, nmethods=1391, adapters=382, full_count=0
Compilation: enabled, stopped_count=0, restarted_count=0

Compilation events (20 events):
Event: 2.224 Thread 0x000001ed96ae4e40 1369       3       org.lombokweb.asm.SymbolTable::hash (20 bytes)
Event: 2.224 Thread 0x000001ed96ae4e40 nmethod 1369 0x000001ed99f96390 code [0x000001ed99f96560, 0x000001ed99f96720]
Event: 2.224 Thread 0x000001ed96adace0 nmethod 1367 0x000001eda18b9c90 code [0x000001eda18b9e20, 0x000001eda18b9ee8]
Event: 2.225 Thread 0x000001ed96adace0 1371       4       jdk.internal.jimage.ImageLocation::verify (218 bytes)
Event: 2.227 Thread 0x000001ed96ae4e40 1372       3       java.net.URI::toString (16 bytes)
Event: 2.227 Thread 0x000001ed96ae4e40 nmethod 1372 0x000001ed99f96890 code [0x000001ed99f96a40, 0x000001ed99f96bb8]
Event: 2.234 Thread 0x000001edf45e3eb0 nmethod 1366 0x000001eda18b9f90 code [0x000001eda18ba160, 0x000001eda18ba8c0]
Event: 2.234 Thread 0x000001edf45e3eb0 1373       4       java.util.concurrent.ConcurrentHashMap$Traverser::advance (188 bytes)
Event: 2.238 Thread 0x000001edf45e3eb0 nmethod 1373 0x000001eda18bac90 code [0x000001eda18bae20, 0x000001eda18bb030]
Event: 2.241 Thread 0x000001ed96ae4e40 1374       3       java.io.File::<init> (20 bytes)
Event: 2.241 Thread 0x000001ed96ae4e40 nmethod 1374 0x000001ed99f96c90 code [0x000001ed99f96e40, 0x000001ed99f96fe0]
Event: 2.242 Thread 0x000001ed96ae4e40 1375       3       lombok.patcher.scripts.MethodLevelPatchScript::patch (21 bytes)
Event: 2.242 Thread 0x000001ed96ae4e40 nmethod 1375 0x000001ed99f97090 code [0x000001ed99f97260, 0x000001ed99f974e8]
Event: 2.244 Thread 0x000001edf45e3eb0 1376   !   4       lombok.patcher.ScriptManager$OurClassFileTransformer::transform (473 bytes)
Event: 2.256 Thread 0x000001ed96ae4e40 1378   !   3       java.security.Provider$Service::newInstance (354 bytes)
Event: 2.262 Thread 0x000001ed96ae4e40 nmethod 1378 0x000001ed99f97610 code [0x000001ed99f97ca0, 0x000001ed99f9a7c8]
Event: 2.262 Thread 0x000001ed96ae4e40 1380       1       java.lang.reflect.Method::getDeclaringClass (5 bytes)
Event: 2.262 Thread 0x000001ed96ae4e40 nmethod 1380 0x000001eda18bb190 code [0x000001eda18bb320, 0x000001eda18bb3e8]
Event: 2.262 Thread 0x000001ed96ae4e40 1379   !   3       java.security.Provider$Service::newInstanceUtil (60 bytes)
Event: 2.263 Thread 0x000001ed96ae4e40 nmethod 1379 0x000001ed99f9c010 code [0x000001ed99f9c2e0, 0x000001ed99f9cfb0]

GC Heap History (2 events):
Event: 1.787 GC heap before
{Heap before GC invocations=1 (full 0):
 PSYoungGen      total 29696K, used 25600K [0x00000000d5580000, 0x00000000d7680000, 0x0000000100000000)
  eden space 25600K, 100% used [0x00000000d5580000,0x00000000d6e80000,0x00000000d6e80000)
  from space 4096K, 0% used [0x00000000d7280000,0x00000000d7280000,0x00000000d7680000)
  to   space 4096K, 0% used [0x00000000d6e80000,0x00000000d6e80000,0x00000000d7280000)
 ParOldGen       total 68608K, used 0K [0x0000000080000000, 0x0000000084300000, 0x00000000d5580000)
  object space 68608K, 0% used [0x0000000080000000,0x0000000080000000,0x0000000084300000)
 Metaspace       used 4468K, committed 4672K, reserved 1114112K
  class space    used 492K, committed 576K, reserved 1048576K
}
Event: 1.796 GC heap after
{Heap after GC invocations=1 (full 0):
 PSYoungGen      total 29696K, used 3303K [0x00000000d5580000, 0x00000000d7680000, 0x0000000100000000)
  eden space 25600K, 0% used [0x00000000d5580000,0x00000000d5580000,0x00000000d6e80000)
  from space 4096K, 80% used [0x00000000d6e80000,0x00000000d71b9e98,0x00000000d7280000)
  to   space 4096K, 0% used [0x00000000d7280000,0x00000000d7280000,0x00000000d7680000)
 ParOldGen       total 68608K, used 8K [0x0000000080000000, 0x0000000084300000, 0x00000000d5580000)
  object space 68608K, 0% used [0x0000000080000000,0x0000000080002000,0x0000000084300000)
 Metaspace       used 4468K, committed 4672K, reserved 1114112K
  class space    used 492K, committed 576K, reserved 1048576K
}

Dll operation events (8 events):
Event: 0.068 Loaded shared library c:\Users\MoaidHashem\.vscode\extensions\redhat.java-1.49.0-win32-x64\jre\21.0.9-win32-x86_64\bin\java.dll
Event: 0.171 Loaded shared library c:\Users\MoaidHashem\.vscode\extensions\redhat.java-1.49.0-win32-x64\jre\21.0.9-win32-x86_64\bin\zip.dll
Event: 0.271 Loaded shared library C:\Users\MoaidHashem\.vscode\extensions\redhat.java-1.49.0-win32-x64\jre\21.0.9-win32-x86_64\bin\instrument.dll
Event: 0.345 Loaded shared library C:\Users\MoaidHashem\.vscode\extensions\redhat.java-1.49.0-win32-x64\jre\21.0.9-win32-x86_64\bin\net.dll
Event: 0.409 Loaded shared library C:\Users\MoaidHashem\.vscode\extensions\redhat.java-1.49.0-win32-x64\jre\21.0.9-win32-x86_64\bin\nio.dll
Event: 0.413 Loaded shared library C:\Users\MoaidHashem\.vscode\extensions\redhat.java-1.49.0-win32-x64\jre\21.0.9-win32-x86_64\bin\zip.dll
Event: 0.440 Loaded shared library C:\Users\MoaidHashem\.vscode\extensions\redhat.java-1.49.0-win32-x64\jre\21.0.9-win32-x86_64\bin\jimage.dll
Event: 0.714 Loaded shared library c:\Users\MoaidHashem\.vscode\extensions\redhat.java-1.49.0-win32-x64\jre\21.0.9-win32-x86_64\bin\verify.dll

Deoptimization events (20 events):
Event: 2.014 Thread 0x000001ed96b5ec60 DEOPT PACKING pc=0x000001eda1875cb4 sp=0x000000837affe6a0
Event: 2.014 Thread 0x000001ed96b5ec60 DEOPT UNPACKING pc=0x000001eda12e3aa2 sp=0x000000837affe658 mode 2
Event: 2.116 Thread 0x000001ed96b5ec60 Uncommon trap: trap_request=0xffffff45 fr.pc=0x000001eda1888a18 relative=0x0000000000000f98
Event: 2.116 Thread 0x000001ed96b5ec60 Uncommon trap: reason=unstable_if action=reinterpret pc=0x000001eda1888a18 method=lombok.patcher.PatchScript.classMatches(Ljava/lang/String;Ljava/util/Collection;)Z @ 25 c2
Event: 2.116 Thread 0x000001ed96b5ec60 DEOPT PACKING pc=0x000001eda1888a18 sp=0x000000837aff8a10
Event: 2.116 Thread 0x000001ed96b5ec60 DEOPT UNPACKING pc=0x000001eda12e3aa2 sp=0x000000837aff8978 mode 2
Event: 2.119 Thread 0x000001ed96b5ec60 DEOPT PACKING pc=0x000001ed99df8f0d sp=0x000000837aff7e60
Event: 2.119 Thread 0x000001ed96b5ec60 DEOPT UNPACKING pc=0x000001eda12e4242 sp=0x000000837aff7310 mode 0
Event: 2.153 Thread 0x000001ed96b5ec60 DEOPT PACKING pc=0x000001ed99df8f0d sp=0x000000837aff4310
Event: 2.153 Thread 0x000001ed96b5ec60 DEOPT UNPACKING pc=0x000001eda12e4242 sp=0x000000837aff37c0 mode 0
Event: 2.156 Thread 0x000001ed96b5ec60 DEOPT PACKING pc=0x000001ed99df8f0d sp=0x000000837aff4310
Event: 2.156 Thread 0x000001ed96b5ec60 DEOPT UNPACKING pc=0x000001eda12e4242 sp=0x000000837aff37c0 mode 0
Event: 2.167 Thread 0x000001ed96b5ec60 DEOPT PACKING pc=0x000001ed99df8f0d sp=0x000000837aff7d70
Event: 2.167 Thread 0x000001ed96b5ec60 DEOPT UNPACKING pc=0x000001eda12e4242 sp=0x000000837aff7220 mode 0
Event: 2.180 Thread 0x000001ed96b5ec60 DEOPT PACKING pc=0x000001ed99df8f0d sp=0x000000837aff7d30
Event: 2.180 Thread 0x000001ed96b5ec60 DEOPT UNPACKING pc=0x000001eda12e4242 sp=0x000000837aff71e0 mode 0
Event: 2.204 Thread 0x000001ed96b5ec60 Uncommon trap: trap_request=0xffffff45 fr.pc=0x000001eda18ab0cc relative=0x00000000000000ac
Event: 2.204 Thread 0x000001ed96b5ec60 Uncommon trap: reason=unstable_if action=reinterpret pc=0x000001eda18ab0cc method=java.util.concurrent.locks.ReentrantLock$NonfairSync.initialTryLock()Z @ 10 c2
Event: 2.204 Thread 0x000001ed96b5ec60 DEOPT PACKING pc=0x000001eda18ab0cc sp=0x000000837aff8540
Event: 2.204 Thread 0x000001ed96b5ec60 DEOPT UNPACKING pc=0x000001eda12e3aa2 sp=0x000000837aff84c8 mode 2

Classes loaded (20 events):
Event: 2.205 Loading class java/lang/Throwable$WrappedPrintStream
Event: 2.206 Loading class java/lang/Throwable$PrintStreamOrWriter
Event: 2.206 Loading class java/lang/Throwable$PrintStreamOrWriter done
Event: 2.206 Loading class java/lang/Throwable$WrappedPrintStream done
Event: 2.207 Loading class java/lang/StackTraceElement$HashedModules
Event: 2.207 Loading class java/lang/StackTraceElement$HashedModules done
Event: 2.246 Loading class java/security/InvalidKeyException
Event: 2.246 Loading class java/security/KeyException
Event: 2.246 Loading class java/security/GeneralSecurityException
Event: 2.247 Loading class java/security/GeneralSecurityException done
Event: 2.247 Loading class java/security/KeyException done
Event: 2.247 Loading class java/security/InvalidKeyException done
Event: 2.247 Loading class java/security/SignatureException
Event: 2.247 Loading class java/security/SignatureException done
Event: 2.247 Loading class java/security/cert/CertificateException
Event: 2.247 Loading class java/security/cert/CertificateException done
Event: 2.247 Loading class java/security/NoSuchAlgorithmException
Event: 2.247 Loading class java/security/NoSuchAlgorithmException done
Event: 2.247 Loading class java/security/NoSuchProviderException
Event: 2.247 Loading class java/security/NoSuchProviderException done

Classes unloaded (0 events):
No events

Classes redefined (0 events):
No events

Internal exceptions (20 events):
Event: 1.381 Thread 0x000001ed96b5ec60 Implicit null exception at 0x000001eda18609a4 to 0x000001eda1860f38
Event: 1.385 Thread 0x000001ed96b5ec60 Exception <a 'java/io/FileNotFoundException'{0x00000000d65034c0}> (0x00000000d65034c0) 
thrown [s\src\hotspot\share\prims\jni.cpp, line 520]
Event: 1.408 Thread 0x000001ed96b5ec60 Exception <a 'java/lang/NoSuchMethodError'{0x00000000d653ee08}: 'java.lang.Object java.lang.invoke.DirectMethodHandle$Holder.invokeInterface(java.lang.Object, java.lang.Object)'> (0x00000000d653ee08) 
thrown [s\src\hotspot\share\interpreter\linkResolver.cpp, line 773]
Event: 1.415 Thread 0x000001ed96b5ec60 Exception <a 'java/lang/NoSuchMethodError'{0x00000000d65528b0}: 'java.lang.Object java.lang.invoke.Invokers$Holder.invokeExact_MT(java.lang.Object, java.lang.Object, java.lang.Object, java.lang.Object, java.lang.Object, java.lang.Object)'> (0x00000000d65528b0) 
thrown [s\src\hotspot\share\interpreter\linkResolver.cpp, line 773]
Event: 1.420 Thread 0x000001ed96b5ec60 Exception <a 'java/lang/NoSuchMethodError'{0x00000000d6569988}: 'int java.lang.invoke.DirectMethodHandle$Holder.invokeStatic(java.lang.Object, java.lang.Object, java.lang.Object, java.lang.Object, java.lang.Object)'> (0x00000000d6569988) 
thrown [s\src\hotspot\share\interpreter\linkResolver.cpp, line 773]
Event: 1.506 Thread 0x000001ed96b5ec60 Exception <a 'java/lang/NoSuchMethodError'{0x00000000d6600ab0}: 'java.lang.Object java.lang.invoke.DirectMethodHandle$Holder.invokeInterface(java.lang.Object, java.lang.Object, int)'> (0x00000000d6600ab0) 
thrown [s\src\hotspot\share\interpreter\linkResolver.cpp, line 773]
Event: 1.551 Thread 0x000001ed96b5ec60 Exception <a 'sun/nio/fs/WindowsException'{0x00000000d6648a50}> (0x00000000d6648a50) 
thrown [s\src\hotspot\share\prims\jni.cpp, line 520]
Event: 1.551 Thread 0x000001ed96b5ec60 Exception <a 'sun/nio/fs/WindowsException'{0x00000000d664de00}> (0x00000000d664de00) 
thrown [s\src\hotspot\share\prims\jni.cpp, line 520]
Event: 1.717 Thread 0x000001ed96b5ec60 Exception <a 'java/lang/NoSuchMethodError'{0x00000000d6ab36f8}: 'java.lang.ClassLoader java.lang.ClassLoader.getPlatformClassLoader(java.lang.Class)'> (0x00000000d6ab36f8) 
thrown [s\src\hotspot\share\interpreter\linkResolver.cpp, line 773]
Event: 1.815 Thread 0x000001ed96b5ec60 Exception <a 'java/lang/ClassNotFoundException'{0x00000000d55d0270}: sun/net/www/protocol/c/Handler> (0x00000000d55d0270) 
thrown [s\src\hotspot\share\classfile\systemDictionary.cpp, line 312]
Event: 1.815 Thread 0x000001ed96b5ec60 Exception <a 'java/lang/ClassNotFoundException'{0x00000000d55d1650}: sun/net/www/protocol/d/Handler> (0x00000000d55d1650) 
thrown [s\src\hotspot\share\classfile\systemDictionary.cpp, line 312]
Event: 1.815 Thread 0x000001ed96b5ec60 Exception <a 'java/lang/ClassNotFoundException'{0x00000000d55d2868}: sun/net/www/protocol/c/Handler> (0x00000000d55d2868) 
thrown [s\src\hotspot\share\classfile\systemDictionary.cpp, line 312]
Event: 1.837 Thread 0x000001ed96b5ec60 Exception <a 'java/io/FileNotFoundException'{0x00000000d55fb368}> (0x00000000d55fb368) 
thrown [s\src\hotspot\share\prims\jni.cpp, line 520]
Event: 1.899 Thread 0x000001ed96b5ec60 Implicit null exception at 0x000001eda1899fc9 to 0x000001eda189aaa8
Event: 1.904 Thread 0x000001ed96b5ec60 Implicit null exception at 0x000001eda188fd9a to 0x000001eda188ffa0
Event: 1.905 Thread 0x000001ed96b5ec60 Exception <a 'java/lang/NoSuchMethodError'{0x00000000d572b530}: 'void java.lang.invoke.DirectMethodHandle$Holder.invokeStatic(java.lang.Object, java.lang.Object, java.lang.Object, java.lang.Object)'> (0x00000000d572b530) 
thrown [s\src\hotspot\share\interpreter\linkResolver.cpp, line 773]
Event: 1.907 Thread 0x000001ed96b5ec60 Implicit null exception at 0x000001eda189501a to 0x000001eda1895224
Event: 1.907 Thread 0x000001ed96b5ec60 Implicit null exception at 0x000001eda188e83d to 0x000001eda188e8c1
Event: 2.067 Thread 0x000001ed96b5ec60 Exception <a 'java/lang/NoSuchMethodError'{0x00000000d5b6a1f8}: 'int java.lang.invoke.DirectMethodHandle$Holder.invokeVirtual(java.lang.Object, java.lang.Object)'> (0x00000000d5b6a1f8) 
thrown [s\src\hotspot\share\interpreter\linkResolver.cpp, line 773]
Event: 2.192 Thread 0x000001ed96b5ec60 Exception <a 'java/lang/OutOfMemoryError'{0x00000000d5f217c0}: (class: org/lombokweb/asm/MethodWriter, method: <clinit> signature: ()V) > (0x00000000d5f217c0) 
thrown [s\src\hotspot\share\classfile\verifier.cpp, line 344]

ZGC Phase Switch (0 events):
No events

VM Operations (14 events):
Event: 0.236 Executing VM operation: HandshakeAllThreads (Deoptimize)
Event: 0.236 Executing VM operation: HandshakeAllThreads (Deoptimize) done
Event: 0.460 Executing VM operation: HandshakeAllThreads (Deoptimize)
Event: 0.460 Executing VM operation: HandshakeAllThreads (Deoptimize) done
Event: 1.275 Executing VM operation: HandshakeAllThreads (Deoptimize)
Event: 1.275 Executing VM operation: HandshakeAllThreads (Deoptimize) done
Event: 1.275 Executing VM operation: Cleanup
Event: 1.276 Executing VM operation: Cleanup done
Event: 1.299 Executing VM operation: HandshakeAllThreads (Deoptimize)
Event: 1.299 Executing VM operation: HandshakeAllThreads (Deoptimize) done
Event: 1.776 Executing VM operation: HandshakeAllThreads (Deoptimize)
Event: 1.776 Executing VM operation: HandshakeAllThreads (Deoptimize) done
Event: 1.786 Executing VM operation: ParallelGCFailedAllocation (Allocation Failure)
Event: 1.796 Executing VM operation: ParallelGCFailedAllocation (Allocation Failure) done

Memory protections (0 events):
No events

Nmethod flushes (0 events):
No events

Events (20 events):
Event: 0.177 Thread 0x000001ed96b5ec60 Thread added: 0x000001ed96c1d4d0
Event: 0.177 Thread 0x000001ed96b5ec60 Thread added: 0x000001ed96ad3fa0
Event: 0.177 Thread 0x000001ed96b5ec60 Thread added: 0x000001ed96ad49f0
Event: 0.177 Thread 0x000001ed96b5ec60 Thread added: 0x000001ed96ad7450
Event: 0.178 Thread 0x000001ed96b5ec60 Thread added: 0x000001ed96ad9eb0
Event: 0.178 Thread 0x000001ed96b5ec60 Thread added: 0x000001ed96adace0
Event: 0.178 Thread 0x000001ed96b5ec60 Thread added: 0x000001ed96ae4e40
Event: 0.274 Thread 0x000001ed96b5ec60 Thread added: 0x000001edf41d86d0
Event: 0.571 Thread 0x000001ed96ae4e40 Thread added: 0x000001edf4246280
Event: 0.571 Thread 0x000001ed96ae4e40 Thread added: 0x000001edf41f6f80
Event: 0.716 Thread 0x000001edf41f6f80 Thread exited: 0x000001edf41f6f80
Event: 0.760 Thread 0x000001edf4246280 Thread exited: 0x000001edf4246280
Event: 0.922 Thread 0x000001ed96b5ec60 Thread added: 0x000001edf4356980
Event: 1.173 Thread 0x000001ed96ae4e40 Thread added: 0x000001edf43474e0
Event: 1.174 Thread 0x000001ed96ae4e40 Thread added: 0x000001edf43486f0
Event: 1.620 Thread 0x000001edf43486f0 Thread exited: 0x000001edf43486f0
Event: 1.625 Thread 0x000001edf43474e0 Thread exited: 0x000001edf43474e0
Event: 1.641 Thread 0x000001ed96ae4e40 Thread added: 0x000001edf4420070
Event: 1.908 Thread 0x000001edf4420070 Thread exited: 0x000001edf4420070
Event: 2.100 Thread 0x000001ed96adace0 Thread added: 0x000001edf45e3eb0


Dynamic libraries:
0x00007ff638990000 - 0x00007ff63899e000 	c:\Users\MoaidHashem\.vscode\extensions\redhat.java-1.49.0-win32-x64\jre\21.0.9-win32-x86_64\bin\java.exe
0x00007ffba7340000 - 0x00007ffba75a8000 	C:\WINDOWS\SYSTEM32\ntdll.dll
0x00007ffba6390000 - 0x00007ffba6459000 	C:\WINDOWS\System32\KERNEL32.DLL
0x00007ffba46c0000 - 0x00007ffba4ab8000 	C:\WINDOWS\System32\KERNELBASE.dll
0x00007ffba4490000 - 0x00007ffba45db000 	C:\WINDOWS\System32\ucrtbase.dll
0x00007ffb8bda0000 - 0x00007ffb8bdb8000 	c:\Users\MoaidHashem\.vscode\extensions\redhat.java-1.49.0-win32-x64\jre\21.0.9-win32-x86_64\bin\jli.dll
0x00007ffba6f40000 - 0x00007ffba7107000 	C:\WINDOWS\System32\USER32.dll
0x00007ffba45e0000 - 0x00007ffba4607000 	C:\WINDOWS\System32\win32u.dll
0x00007ffba6f10000 - 0x00007ffba6f3b000 	C:\WINDOWS\System32\GDI32.dll
0x00007ffba4d80000 - 0x00007ffba4eac000 	C:\WINDOWS\System32\gdi32full.dll
0x00007ffba4610000 - 0x00007ffba46b3000 	C:\WINDOWS\System32\msvcp_win.dll
0x00007ffb9ad80000 - 0x00007ffb9ad9e000 	c:\Users\MoaidHashem\.vscode\extensions\redhat.java-1.49.0-win32-x64\jre\21.0.9-win32-x86_64\bin\VCRUNTIME140.dll
0x00007ffb93ad0000 - 0x00007ffb93d64000 	C:\WINDOWS\WinSxS\amd64_microsoft.windows.common-controls_6595b64144ccf1df_6.0.26100.7019_none_3e06ffa0e335b8a8\COMCTL32.dll
0x00007ffba7250000 - 0x00007ffba72f9000 	C:\WINDOWS\System32\msvcrt.dll
0x00007ffba5450000 - 0x00007ffba5481000 	C:\WINDOWS\System32\IMM32.DLL
0x00007ffb9ad70000 - 0x00007ffb9ad7c000 	c:\Users\MoaidHashem\.vscode\extensions\redhat.java-1.49.0-win32-x64\jre\21.0.9-win32-x86_64\bin\vcruntime140_1.dll
0x00007ffb660c0000 - 0x00007ffb6614d000 	c:\Users\MoaidHashem\.vscode\extensions\redhat.java-1.49.0-win32-x64\jre\21.0.9-win32-x86_64\bin\msvcp140.dll
0x00007ffb2d2d0000 - 0x00007ffb2e070000 	c:\Users\MoaidHashem\.vscode\extensions\redhat.java-1.49.0-win32-x64\jre\21.0.9-win32-x86_64\bin\server\jvm.dll
0x00007ffba5ba0000 - 0x00007ffba5c54000 	C:\WINDOWS\System32\ADVAPI32.dll
0x00007ffba7180000 - 0x00007ffba7226000 	C:\WINDOWS\System32\sechost.dll
0x00007ffba5490000 - 0x00007ffba55a8000 	C:\WINDOWS\System32\RPCRT4.dll
0x00007ffba5b20000 - 0x00007ffba5b94000 	C:\WINDOWS\System32\WS2_32.dll
0x00007ffba42f0000 - 0x00007ffba434e000 	C:\WINDOWS\SYSTEM32\POWRPROF.dll
0x00007ffb9d310000 - 0x00007ffb9d345000 	C:\WINDOWS\SYSTEM32\WINMM.dll
0x00007ffb9d350000 - 0x00007ffb9d35b000 	C:\WINDOWS\SYSTEM32\VERSION.dll
0x00007ffba42d0000 - 0x00007ffba42e4000 	C:\WINDOWS\SYSTEM32\UMPDC.dll
0x00007ffba3250000 - 0x00007ffba326b000 	C:\WINDOWS\SYSTEM32\kernel.appcore.dll
0x00007ffb96240000 - 0x00007ffb9624a000 	c:\Users\MoaidHashem\.vscode\extensions\redhat.java-1.49.0-win32-x64\jre\21.0.9-win32-x86_64\bin\jimage.dll
0x00007ffba1b30000 - 0x00007ffba1d72000 	C:\WINDOWS\SYSTEM32\DBGHELP.DLL
0x00007ffba56b0000 - 0x00007ffba5a3b000 	C:\WINDOWS\System32\combase.dll
0x00007ffba5a40000 - 0x00007ffba5b17000 	C:\WINDOWS\System32\OLEAUT32.dll
0x00007ffb87ef0000 - 0x00007ffb87f2c000 	C:\WINDOWS\SYSTEM32\dbgcore.DLL
0x00007ffba5030000 - 0x00007ffba50d5000 	C:\WINDOWS\System32\bcryptPrimitives.dll
0x00007ffb960f0000 - 0x00007ffb960ff000 	c:\Users\MoaidHashem\.vscode\extensions\redhat.java-1.49.0-win32-x64\jre\21.0.9-win32-x86_64\bin\instrument.dll
0x00007ffb824f0000 - 0x00007ffb82510000 	c:\Users\MoaidHashem\.vscode\extensions\redhat.java-1.49.0-win32-x64\jre\21.0.9-win32-x86_64\bin\java.dll
0x00007ffba66e0000 - 0x00007ffba6e2f000 	C:\WINDOWS\System32\SHELL32.dll
0x00007ffba4ac0000 - 0x00007ffba4c2b000 	C:\WINDOWS\System32\wintypes.dll
0x00007ffba20f0000 - 0x00007ffba294d000 	C:\WINDOWS\SYSTEM32\windows.storage.dll
0x00007ffba5350000 - 0x00007ffba5442000 	C:\WINDOWS\System32\SHCORE.dll
0x00007ffba7110000 - 0x00007ffba7177000 	C:\WINDOWS\System32\shlwapi.dll
0x00007ffba43b0000 - 0x00007ffba43d9000 	C:\WINDOWS\SYSTEM32\profapi.dll
0x00007ffb81cb0000 - 0x00007ffb81cc8000 	c:\Users\MoaidHashem\.vscode\extensions\redhat.java-1.49.0-win32-x64\jre\21.0.9-win32-x86_64\bin\zip.dll
0x00007ffb960e0000 - 0x00007ffb960f0000 	C:\Users\MoaidHashem\.vscode\extensions\redhat.java-1.49.0-win32-x64\jre\21.0.9-win32-x86_64\bin\net.dll
0x00007ffb98dc0000 - 0x00007ffb98ee8000 	C:\WINDOWS\SYSTEM32\WINHTTP.dll
0x00007ffba37c0000 - 0x00007ffba382b000 	C:\WINDOWS\system32\mswsock.dll
0x00007ffb694c0000 - 0x00007ffb694d6000 	C:\Users\MoaidHashem\.vscode\extensions\redhat.java-1.49.0-win32-x64\jre\21.0.9-win32-x86_64\bin\nio.dll
0x00007ffb94320000 - 0x00007ffb94330000 	c:\Users\MoaidHashem\.vscode\extensions\redhat.java-1.49.0-win32-x64\jre\21.0.9-win32-x86_64\bin\verify.dll

JVMTI agents:
c:\Users\MoaidHashem\.vscode\extensions\redhat.java-1.49.0-win32-x64\lombok\lombok-1.18.39-4050.jar path:c:\Users\MoaidHashem\.vscode\extensions\redhat.java-1.49.0-win32-x64\jre\21.0.9-win32-x86_64\bin\instrument.dll, loaded, initialized, instrumentlib options:none

dbghelp: loaded successfully - version: 4.0.5 - missing functions: none
symbol engine: initialized successfully - sym options: 0x614 - pdb path: .;c:\Users\MoaidHashem\.vscode\extensions\redhat.java-1.49.0-win32-x64\jre\21.0.9-win32-x86_64\bin;C:\WINDOWS\SYSTEM32;C:\WINDOWS\WinSxS\amd64_microsoft.windows.common-controls_6595b64144ccf1df_6.0.26100.7019_none_3e06ffa0e335b8a8;c:\Users\MoaidHashem\.vscode\extensions\redhat.java-1.49.0-win32-x64\jre\21.0.9-win32-x86_64\bin\server

VM Arguments:
jvm_args: --add-modules=ALL-SYSTEM --add-opens=java.base/java.util=ALL-UNNAMED --add-opens=java.base/java.lang=ALL-UNNAMED --add-opens=java.base/sun.nio.fs=ALL-UNNAMED -Declipse.application=org.eclipse.jdt.ls.core.id1 -Dosgi.bundles.defaultStartLevel=4 -Declipse.product=org.eclipse.jdt.ls.core.product -Djava.import.generatesMetadataFilesAtProjectRoot=false -DDetectVMInstallationsJob.disabled=true -Dfile.encoding=utf8 -XX:+UseParallelGC -XX:GCTimeRatio=4 -XX:AdaptiveSizePolicyWeight=90 -Dsun.zip.disableMemoryMapping=true -Xmx2G -Xms100m -Xlog:disable -javaagent:c:\Users\MoaidHashem\.vscode\extensions\redhat.java-1.49.0-win32-x64\lombok\lombok-1.18.39-4050.jar -XX:+HeapDumpOnOutOfMemoryError -XX:HeapDumpPath=c:\Users\MoaidHashem\AppData\Roaming\Code\User\workspaceStorage\6b078c4e9672d21ec4c1dd8f04e5ecec\redhat.java -Daether.dependencyCollector.impl=bf 
java_command: c:\Users\MoaidHashem\.vscode\extensions\redhat.java-1.49.0-win32-x64\server\plugins\org.eclipse.equinox.launcher_1.7.100.v20251111-0406.jar -configuration c:\Users\MoaidHashem\AppData\Roaming\Code\User\globalStorage\redhat.java\1.49.0\config_win -data c:\Users\MoaidHashem\AppData\Roaming\Code\User\workspaceStorage\6b078c4e9672d21ec4c1dd8f04e5ecec\redhat.java\jdt_ws --pipe=\\.\pipe\lsp-e8dd397a4136d9a666cc391c89447c3f-sock
java_class_path (initial): c:\Users\MoaidHashem\.vscode\extensions\redhat.java-1.49.0-win32-x64\server\plugins\org.eclipse.equinox.launcher_1.7.100.v20251111-0406.jar
Launcher Type: SUN_STANDARD

[Global flags]
    uintx AdaptiveSizePolicyWeight                 = 90                                        {product} {command line}
     intx CICompilerCount                          = 4                                         {product} {ergonomic}
    uintx GCTimeRatio                              = 4                                         {product} {command line}
     bool HeapDumpOnOutOfMemoryError               = true                                   {manageable} {command line}
    ccstr HeapDumpPath                             = c:\Users\MoaidHashem\AppData\Roaming\Code\User\workspaceStorage\6b078c4e9672d21ec4c1dd8f04e5ecec\redhat.java         {manageable} {command line}
   size_t InitialHeapSize                          = 104857600                                 {product} {command line}
   size_t MaxHeapSize                              = 2147483648                                {product} {command line}
   size_t MaxNewSize                               = 715653120                                 {product} {ergonomic}
   size_t MinHeapDeltaBytes                        = 524288                                    {product} {ergonomic}
   size_t MinHeapSize                              = 104857600                                 {product} {command line}
   size_t NewSize                                  = 34603008                                  {product} {ergonomic}
    uintx NonNMethodCodeHeapSize                   = 5839372                                {pd product} {ergonomic}
    uintx NonProfiledCodeHeapSize                  = 122909434                              {pd product} {ergonomic}
   size_t OldSize                                  = 70254592                                  {product} {ergonomic}
    uintx ProfiledCodeHeapSize                     = 122909434                              {pd product} {ergonomic}
    uintx ReservedCodeCacheSize                    = 251658240                              {pd product} {ergonomic}
     bool SegmentedCodeCache                       = true                                      {product} {ergonomic}
   size_t SoftMaxHeapSize                          = 2147483648                             {manageable} {ergonomic}
     bool UseCompressedOops                        = true                           {product lp64_product} {ergonomic}
     bool UseLargePagesIndividualAllocation        = false                                  {pd product} {ergonomic}
     bool UseParallelGC                            = true                                      {product} {command line}

Logging:
Log output configuration:
 #0: stdout all=off uptime,level,tags foldmultilines=false
 #1: stderr all=off uptime,level,tags foldmultilines=false

Release file:
JAVA_VERSION="21.0.9" 
MODULES="java.base java.compiler java.datatransfer java.xml java.prefs java.desktop java.instrument java.logging java.management java.security.sasl java.naming java.rmi java.management.rmi java.net.http java.scripting java.security.jgss java.transaction.xa java.sql java.sql.rowset java.xml.crypto java.se java.smartcardio jdk.accessibility jdk.internal.jvmstat jdk.attach jdk.charsets jdk.internal.opt jdk.zipfs jdk.compiler jdk.crypto.ec jdk.crypto.cryptoki jdk.crypto.mscapi jdk.dynalink jdk.internal.ed jdk.editpad jdk.hotspot.agent jdk.httpserver jdk.internal.le jdk.internal.vm.ci jdk.internal.vm.compiler jdk.internal.vm.compiler.management jdk.jartool jdk.javadoc jdk.jcmd jdk.management jdk.management.agent jdk.jconsole jdk.jdeps jdk.jdwp.agent jdk.jdi jdk.jfr jdk.jshell jdk.jsobject jdk.jstatd jdk.localedata jdk.management.jfr jdk.naming.dns jdk.naming.rmi jdk.net jdk.nio.mapmode jdk.random jdk.sctp jdk.security.auth jdk.security.jgss jdk.unsupported jdk.unsupported.desktop jdk.xml.dom" 

Environment Variables:
JAVA_HOME=C:\Users\MoaidHashem\AppData\Local\Programs\Eclipse Adoptium\jdk-17.0.4.101-hotspot\
PATH=C:\Program Files\Common Files\Oracle\Java\javapath;C:\Program Files (x86)\Common Files\Oracle\Java\java8path;C:\Program Files (x86)\Common Files\Oracle\Java\javapath;C:\Python312\Scripts\;C:\Python312\;C:\Program Files (x86)\NVIDIA Corporation\PhysX\Common;C:\WINDOWS\system32;C:\WINDOWS;C:\WINDOWS\System32\Wbem;C:\WINDOWS\System32\WindowsPowerShell\v1.0\;C:\WINDOWS\System32\OpenSSH\;C:\Program Files\dotnet\;C:\Program Files\Git\cmd;C:\Program Files\nodejs\;C:\ProgramData\chocolatey\bin;C:\Program Files\Graphviz\bin;C:\Program Files\Cloudflare\Cloudflare WARP\;C:\Program Files (x86)\Microsoft SQL Server\160\Tools\Binn\;C:\Program Files\Microsoft SQL Server\160\Tools\Binn\;C:\Program Files\Microsoft SQL Server\Client SDK\ODBC\170\Tools\Binn\;C:\Program Files\Microsoft SQL Server\160\DTS\Binn\;C:\Program Files\MySQL\MySQL Shell 8.0\bin\;C:\Users\MoaidHashem\AppData\Local\Programs\Eclipse Adoptium\jdk-17.0.4.101-hotspot\bin;C:\Users\MoaidHashem\AppData\Local\Microsoft\WindowsApps;C:\Users\MoaidHashem\AppData\Local\Programs\Microsoft VS Code\bin;C:\cygwin64;C:\cygwin64\bin;C:\MinGW\bin;C:\MinGW;C:\Program Files\JetBrains\IntelliJ IDEA Community Edition 2022.2.3\bin;;C:\Users\MoaidHashem\AppData\Local\JetBrains\PyCharm Community Edition 2022.2.4\bin;;C:\Users\MoaidHashem\AppData\Local\Programs\Python\Python311;C:\Users\MoaidHashem\.dotnet\tools;C:\Users\MoaidHashem\AppData\Local\GitHubDesktop\bin;C:\Program Files\JetBrains\CLion 2023.2.2\bin;;C:\Users\MoaidHashem\AppData\Roaming\npm;C:\ffmpeg\bin;C:\Program Files\JetBrains\IntelliJ IDEA 2025.2.4\bin
USERNAME=MoaidHashem
OS=Windows_NT
PROCESSOR_IDENTIFIER=AMD64 Family 23 Model 96 Stepping 1, AuthenticAMD
TMP=C:\Users\MOAIDH~1\AppData\Local\Temp
TEMP=C:\Users\MOAIDH~1\AppData\Local\Temp




Periodic native trim disabled

---------------  S Y S T E M  ---------------

OS:
 Windows 11 , 64 bit Build 26100 (10.0.26100.7019)
OS uptime: 6 days 6:22 hours

CPU: total 8 (initial active 8) (8 cores per cpu, 1 threads per core) family 23 model 96 stepping 1 microcode 0x8600109, cx8, cmov, fxsr, mmx, 3dnowpref, sse, sse2, sse3, ssse3, sse4a, sse4.1, sse4.2, popcnt, lzcnt, tsc, tscinvbit, avx, avx2, aes, clmul, bmi1, bmi2, adx, sha, fma, vzeroupper, clflush, clflushopt, rdtscp, rdpid, f16c
Processor Information for the first 8 processors :
  Max Mhz: 2000, Current Mhz: 2000, Mhz Limit: 2000

Memory: 4k page, system-wide physical 15742M (1991M free)
TotalPageFile size 21183M (AvailPageFile size 3M)
current process WorkingSet (physical memory assigned to process): 88M, peak: 89M
current process commit charge ("private bytes"): 239M, peak: 240M

vm_info: OpenJDK 64-Bit Server VM (21.0.9+10-LTS) for windows-amd64 JRE (21.0.9+10-LTS), built on 2025-10-21T00:00:00Z by "admin" with unknown MS VC++:1942

END.
